<?xml version="1.0" encoding="UTF-8"?>
<!-- Generated by org.testng.reporters.JUnitReportReporter -->
<testsuite skipped="0" hostname="LAPTOP-B351IJEI" name="com.BankingProject.TestCases.Practice" tests="1" failures="0" timestamp="2022-08-10T02:02:28 CDT" time="5.562" errors="0">
  <testcase name="Amazon" time="5.562" classname="com.BankingProject.TestCases.Practice"/>
  <system-out/>
</testsuite> <!-- com.BankingProject.TestCases.Practice -->
