<?xml version="1.0" encoding="UTF-8"?>
<!-- Generated by org.testng.reporters.JUnitReportReporter -->
<testsuite skipped="0" hostname="LAPTOP-B351IJEI" name="com.BankingProject.TestCases.TestCase_LoginTest_001" tests="1" failures="0" timestamp="2022-11-05T21:54:42 CDT" time="3.046" errors="0">
  <testcase name="LoginTest" time="3.046" classname="com.BankingProject.TestCases.TestCase_LoginTest_001"/>
  <system-out/>
</testsuite> <!-- com.BankingProject.TestCases.TestCase_LoginTest_001 -->
