<?xml version="1.0" encoding="UTF-8"?>
<!-- Generated by org.testng.reporters.JUnitReportReporter -->
<testsuite skipped="0" hostname="LAPTOP-B351IJEI" name="com.BankingProject.TestCases.TestCase_LoginTest_001" tests="1" failures="0" timestamp="2022-10-30T14:39:13 CDT" time="3.445" errors="0">
  <testcase name="LoginTest" time="3.445" classname="com.BankingProject.TestCases.TestCase_LoginTest_001"/>
  <system-out/>
</testsuite> <!-- com.BankingProject.TestCases.TestCase_LoginTest_001 -->
