<?xml version="1.0" encoding="UTF-8"?>
<!-- Generated by org.testng.reporters.JUnitReportReporter -->
<testsuite hostname="LAPTOP-B351IJEI" failures="0" tests="1" name="com.BankingProject.TestCases.TestCase_LoginTest_001" time="2.944" errors="0" timestamp="2022-11-01T21:10:51 CDT" skipped="0">
  <testcase classname="com.BankingProject.TestCases.TestCase_LoginTest_001" name="LoginTest" time="2.944"/>
  <system-out/>
</testsuite> <!-- com.BankingProject.TestCases.TestCase_LoginTest_001 -->
